1706255577869 GET /
1706255607964 GET /k
1706257408256 GET /
1707121807886 GET /todo
1707121813726 GET /
1707122051502 GET /
1707122052754 GET /
1707122069235 GET /
1707123015006 GET /
1707123048490 GET /
1707123596507 GET /
1707123651040 GET /
1707123660700 GET /
1707123695595 GET /
1707123726837 GET /
1707123899069 GET /
1707123974026 GET /
1707124030626 GET /
1707124042610 GET /create
1707124049444 GET /
1707124082752 GET /
1707124323695 GET /
1707125128616 GET /
1707125169315 GET /
1707125491670 GET /
1707125491722 GET /styles/styles.css
1707125501027 GET /
1707125501101 GET /styles/styles.css
1707125565318 GET /
1707125566701 GET /
1707125603166 GET /
1707125618274 GET /
1707125628508 GET /view/JU31v0FC5-EK47F2ZZ9-gr2qR4OA0-io6k96Nx3
1707125644335 GET /create
1707126149198 GET /create
1707126250229 GET /create
1707126295124 POST /create
1707126295133 GET /
1707126469609 GET /create
1707126487758 POST /create
1707126487770 GET /
1707126501906 GET /
1707126598337 GET /create
1707126602859 POST /create
1707126602879 GET /
1707126615636 GET /create
1707126620168 POST /create
1707126660017 POST /create
1707126688475 POST /create
1707126810705 POST /create
1707126831916 POST /create
1707126870654 POST /create
1707126870736 GET /
1707127134853 GET /
1707127136355 GET /create
1707127140901 POST /create
1707127140980 GET /
1707127283708 GET /create
1707127287689 POST /create
1707127287770 GET /
1707127315031 GET /create
1707127318680 POST /create
1707127318747 GET /
1707127323809 GET /view/KJ5kq7ef8-t49Se52K3-gX2iQ0kO5-CK8s58Bp7
1707127332333 GET /create
1707127336778 POST /create
1707127336845 GET /
1707127356683 GET /create
1707127363307 POST /create
1707127363359 GET /
1707127529097 GET /view/JU31v0FC5-EK47F2ZZ9-gr2qR4OA0-io6k96Nx3
1707128296192 GET /view/JU31v0FC5-EK47F2ZZ9-gr2qR4OA0-io6k96Nx3
1707128343279 GET /view/JU31v0FC5-EK47F2ZZ9-gr2qR4OA0-io6k96Nx3
1707128366756 GET /view/JU31v0FC5-EK47F2ZZ9-gr2qR4OA0-io6k96Nx3
1707128391286 GET /view/bi0bi0cB4-qV1hC1KL9-Hl98v56V8-Ao0oe1370
1707128478674 GET /view/bi0bi0cB4-qV1hC1KL9-Hl98v56V8-Ao0oe1370
1707128490911 GET /view/JU31v0FC5-EK47F2ZZ9-gr2qR4OA0-io6k96Nx3
1707128534909 GET /view/JU31v0FC5-EK47F2ZZ9-gr2qR4OA0-io6k96Nx3
1707128567927 GET /view/JU31v0FC5-EK47F2ZZ9-gr2qR4OA0-io6k96Nx3
1707128582666 GET /view/JU31v0FC5-EK47F2ZZ9-gr2qR4OA0-io6k96Nx3
1707128692473 GET /view/JU31v0FC5-EK47F2ZZ9-gr2qR4OA0-io6k96Nx3
1707128718360 GET /view/JU31v0FC5-EK47F2ZZ9-gr2qR4OA0-io6k96Nx3
1707128736427 GET /
1707128739851 GET /view/KJ5kq7ef8-t49Se52K3-gX2iQ0kO5-CK8s58Bp7
1707128748318 GET /
1707128750500 GET /view/bi0bi0cB4-qV1hC1KL9-Hl98v56V8-Ao0oe1370
1707128754860 GET /
1707128757348 GET /view/JU31v0FC5-EK47F2ZZ9-gr2qR4OA0-io6k96Nx3
1707128758958 GET /
1707128945475 GET /view/JU31v0FC5-EK47F2ZZ9-gr2qR4OA0-io6k96Nx3
1707128947432 GET /
1707129320208 GET /view/JU31v0FC5-EK47F2ZZ9-gr2qR4OA0-io6k96Nx3
1707129435584 GET /view/JU31v0FC5-EK47F2ZZ9-gr2qR4OA0-io6k96Nx3
1707129437451 GET /update/JU31v0FC5-EK47F2ZZ9-gr2qR4OA0-io6k96Nx3
1707129528256 GET /update/JU31v0FC5-EK47F2ZZ9-gr2qR4OA0-io6k96Nx3
1707129608199 GET /update/JU31v0FC5-EK47F2ZZ9-gr2qR4OA0-io6k96Nx3
1707129639660 GET /update/JU31v0FC5-EK47F2ZZ9-gr2qR4OA0-io6k96Nx3
1707129681022 GET /update/JU31v0FC5-EK47F2ZZ9-gr2qR4OA0-io6k96Nx3
1707129713534 POST /update/JU31v0FC5-EK47F2ZZ9-gr2qR4OA0-io6k96Nx3
1707129713561 GET /view/JU31v0FC5-EK47F2ZZ9-gr2qR4OA0-io6k96Nx3
1707129717714 GET /
1707129729797 GET /view/bi0bi0cB4-qV1hC1KL9-Hl98v56V8-Ao0oe1370
1707129732292 GET /
1707129733675 GET /create
1707129738350 POST /create
1707129738385 GET /
1707129742247 GET /view/FT6Ji3fh3-vU3J72df3-3Z0fH39Q2-1F4cK4PC6
1707129744008 GET /update/FT6Ji3fh3-vU3J72df3-3Z0fH39Q2-1F4cK4PC6
1707129746647 GET /update/FT6Ji3fh3-vU3J72df3-3Z0fH39Q2-1F4cK4PC6
1707129749917 GET /update/FT6Ji3fh3-vU3J72df3-3Z0fH39Q2-1F4cK4PC6
1707129758329 GET /update/FT6Ji3fh3-vU3J72df3-3Z0fH39Q2-1F4cK4PC6
1707129760474 GET /
1707129761303 GET /view/JU31v0FC5-EK47F2ZZ9-gr2qR4OA0-io6k96Nx3
1707129763070 GET /update/JU31v0FC5-EK47F2ZZ9-gr2qR4OA0-io6k96Nx3
1707129767914 GET /
1707129769185 GET /view/FT6Ji3fh3-vU3J72df3-3Z0fH39Q2-1F4cK4PC6
1707129770576 GET /update/FT6Ji3fh3-vU3J72df3-3Z0fH39Q2-1F4cK4PC6
1707129811718 GET /update/FT6Ji3fh3-vU3J72df3-3Z0fH39Q2-1F4cK4PC6
1707129815720 GET /
1707129816626 GET /view/JU31v0FC5-EK47F2ZZ9-gr2qR4OA0-io6k96Nx3
1707129818386 GET /update/JU31v0FC5-EK47F2ZZ9-gr2qR4OA0-io6k96Nx3
1707129822856 GET /
1707129824211 GET /view/2A5CM6Ry8-SI4P92mI2-cv4cj6us2-YG8Y22m20
1707129825868 GET /update/2A5CM6Ry8-SI4P92mI2-cv4cj6us2-YG8Y22m20
1707129828051 GET /update/2A5CM6Ry8-SI4P92mI2-cv4cj6us2-YG8Y22m20
1707129829242 GET /
1707129830624 GET /view/KJ5kq7ef8-t49Se52K3-gX2iQ0kO5-CK8s58Bp7
1707129831973 GET /update/KJ5kq7ef8-t49Se52K3-gX2iQ0kO5-CK8s58Bp7
1707129833747 GET /update/KJ5kq7ef8-t49Se52K3-gX2iQ0kO5-CK8s58Bp7
1707129835047 GET /
1707129836472 GET /view/FT6Ji3fh3-vU3J72df3-3Z0fH39Q2-1F4cK4PC6
1707129838459 GET /update/FT6Ji3fh3-vU3J72df3-3Z0fH39Q2-1F4cK4PC6
1707129864188 GET /update/FT6Ji3fh3-vU3J72df3-3Z0fH39Q2-1F4cK4PC6
1707129882000 GET /
1707129884255 GET /create
1707129888981 POST /create
1707129889033 GET /
1707129892728 GET /view/fj5by6ap0-0K5tF25k1-0x1AU5Qf0-l95hi0fB9
1707129894338 GET /update/fj5by6ap0-0K5tF25k1-0x1AU5Qf0-l95hi0fB9
1707129897946 GET /
1707129899469 GET /view/FT6Ji3fh3-vU3J72df3-3Z0fH39Q2-1F4cK4PC6
1707129900870 GET /update/FT6Ji3fh3-vU3J72df3-3Z0fH39Q2-1F4cK4PC6
1707129904494 GET /
1707129906388 GET /view/bi0bi0cB4-qV1hC1KL9-Hl98v56V8-Ao0oe1370
1707129907778 GET /update/bi0bi0cB4-qV1hC1KL9-Hl98v56V8-Ao0oe1370
1707129963553 GET /view/fj5by6ap0-0K5tF25k1-0x1AU5Qf0-l95hi0fB9
1707129973370 GET /update/fj5by6ap0-0K5tF25k1-0x1AU5Qf0-l95hi0fB9
1707129977669 GET /
1707129979284 GET /view/fj5by6ap0-0K5tF25k1-0x1AU5Qf0-l95hi0fB9
1707129981268 GET /update/fj5by6ap0-0K5tF25k1-0x1AU5Qf0-l95hi0fB9
1707129989403 GET /
1707129990826 GET /view/fj5by6ap0-0K5tF25k1-0x1AU5Qf0-l95hi0fB9
1707129992009 GET /update/fj5by6ap0-0K5tF25k1-0x1AU5Qf0-l95hi0fB9
1707129995872 GET /update/fj5by6ap0-0K5tF25k1-0x1AU5Qf0-l95hi0fB9
1707130000468 GET /
1707130001956 GET /create
1707130008620 POST /create
1707130008664 GET /
1707130012984 GET /view/2d3iF9Y83-bc94H6kb3-a39UK4qH6-e433P3zJ3
1707130014514 GET /update/2d3iF9Y83-bc94H6kb3-a39UK4qH6-e433P3zJ3
1707130026976 GET /update/2d3iF9Y83-bc94H6kb3-a39UK4qH6-e433P3zJ3
1707130030984 GET /update/2d3iF9Y83-bc94H6kb3-a39UK4qH6-e433P3zJ3
1707130035024 GET /
1707130036711 GET /view/2d3iF9Y83-bc94H6kb3-a39UK4qH6-e433P3zJ3
1707130038182 GET /update/2d3iF9Y83-bc94H6kb3-a39UK4qH6-e433P3zJ3
1707130042014 GET /
1707130043557 GET /view/fj5by6ap0-0K5tF25k1-0x1AU5Qf0-l95hi0fB9
1707130045044 GET /update/fj5by6ap0-0K5tF25k1-0x1AU5Qf0-l95hi0fB9
1707130052510 GET /
1707130054904 GET /view/2d3iF9Y83-bc94H6kb3-a39UK4qH6-e433P3zJ3
1707130059298 GET /update/2d3iF9Y83-bc94H6kb3-a39UK4qH6-e433P3zJ3
1707130065990 GET /update/2d3iF9Y83-bc94H6kb3-a39UK4qH6-e433P3zJ3
1707130070198 GET /update/2d3iF9Y83-bc94H6kb3-a39UK4qH6-e433P3zJ3
1707130137964 GET /update/2d3iF9Y83-bc94H6kb3-a39UK4qH6-e433P3zJ3
1707130157365 GET /
1707130158908 GET /create
1707130163825 POST /create
1707130163925 GET /
1707130188085 GET /view/qS3BQ32f0-cU6yz1J84-vs2126qs1-WJ4Rh5YF2
1707130190173 GET /update/qS3BQ32f0-cU6yz1J84-vs2126qs1-WJ4Rh5YF2
1707130246975 GET /view/qS3BQ32f0-cU6yz1J84-vs2126qs1-WJ4Rh5YF2
1707130248284 GET /update/qS3BQ32f0-cU6yz1J84-vs2126qs1-WJ4Rh5YF2
1707130252950 GET /
1707130254274 GET /create
1707130261147 POST /create
1707130261235 GET /
1707130264858 GET /view/Jd20c2jB4-fr6pj00r4-vh4sI2le0-Sm2S124i3
1707130266712 GET /update/Jd20c2jB4-fr6pj00r4-vh4sI2le0-Sm2S124i3
1707130498320 POST /update/Jd20c2jB4-fr6pj00r4-vh4sI2le0-Sm2S124i3
1707130498355 GET /view/Jd20c2jB4-fr6pj00r4-vh4sI2le0-Sm2S124i3
1707130501690 GET /
1707132842798 GET /
1707132849283 GET /delete/qS3BQ32f0-cU6yz1J84-vs2126qs1-WJ4Rh5YF2
1707132849309 GET /
1707132851705 GET /delete/qS3BQ32f0-cU6yz1J84-vs2126qs1-WJ4Rh5YF2
1707132851726 GET /
1707132852874 GET /delete/FT6Ji3fh3-vU3J72df3-3Z0fH39Q2-1F4cK4PC6
1707132852891 GET /
1707132855474 GET /delete/FT6Ji3fh3-vU3J72df3-3Z0fH39Q2-1F4cK4PC6
1707132855486 GET /
1707132856327 GET /delete/FT6Ji3fh3-vU3J72df3-3Z0fH39Q2-1F4cK4PC6
1707132856340 GET /
1707132856944 GET /delete/FT6Ji3fh3-vU3J72df3-3Z0fH39Q2-1F4cK4PC6
1707132856960 GET /
1707132857435 GET /delete/FT6Ji3fh3-vU3J72df3-3Z0fH39Q2-1F4cK4PC6
1707132857448 GET /
1707132857992 GET /delete/FT6Ji3fh3-vU3J72df3-3Z0fH39Q2-1F4cK4PC6
1707132858003 GET /
1707132858565 GET /delete/FT6Ji3fh3-vU3J72df3-3Z0fH39Q2-1F4cK4PC6
1707132858579 GET /
1707132861227 GET /
1707132863981 GET /delete/JU31v0FC5-EK47F2ZZ9-gr2qR4OA0-io6k96Nx3
1707132864002 GET /
1707132905592 GET /delete/2A5CM6Ry8-SI4P92mI2-cv4cj6us2-YG8Y22m20
1707132905642 GET /
1707132908199 GET /delete/JU31v0FC5-EK47F2ZZ9-gr2qR4OA0-io6k96Nx3
1707132908214 GET /
1707132939613 GET /delete/Jd20c2jB4-fr6pj00r4-vh4sI2le0-Sm2S124i3
1707132939660 GET /
1707132941304 GET /delete/fj5by6ap0-0K5tF25k1-0x1AU5Qf0-l95hi0fB9
1707132941328 GET /
1707132942190 GET /delete/2d3iF9Y83-bc94H6kb3-a39UK4qH6-e433P3zJ3
1707132942204 GET /
1707132943062 GET /delete/qS3BQ32f0-cU6yz1J84-vs2126qs1-WJ4Rh5YF2
1707132943076 GET /
1707132944038 GET /delete/FT6Ji3fh3-vU3J72df3-3Z0fH39Q2-1F4cK4PC6
1707132944053 GET /
1707132944996 GET /delete/bi0bi0cB4-qV1hC1KL9-Hl98v56V8-Ao0oe1370
1707132945011 GET /
1707132945978 GET /delete/tY2M55sN9-qt1CX1CH0-PE35u5fS9-FC1hc0UX4
1707132945994 GET /
1707132946727 GET /delete/KJ5kq7ef8-t49Se52K3-gX2iQ0kO5-CK8s58Bp7
1707132946744 GET /
1707132947414 GET /delete/PF61H2g79-bO7np9mE4-gt3ce8275-Zl0Bv4PL5
1707132947426 GET /
1707132948163 GET /delete/2A5CM6Ry8-SI4P92mI2-cv4cj6us2-YG8Y22m20
1707132948172 GET /
1707132949014 GET /delete/JU31v0FC5-EK47F2ZZ9-gr2qR4OA0-io6k96Nx3
1707132949027 GET /
1707133051869 GET /
1707133076033 GET /
1707133097962 GET /
1707133099894 GET /create
1707133124714 POST /create
1707133124753 GET /
1707133134346 GET /create
1707133152091 POST /create
1707133152148 GET /
1707133965506 GET /
1707133968159 GET /delete/Ar6Zx0n22-4U4I03VJ2-O60iE5UH6-Uw05V5Xp5
1707133968189 GET /
1707133969739 GET /view/v00Jj24n3-A83NK0D05-1S5aR1rT2-sb3Zz28D4
1707133971534 GET /delete/v00Jj24n3-A83NK0D05-1S5aR1rT2-sb3Zz28D4
1707133971551 GET /
1707133974356 GET /create
1707133997049 POST /create
1707133997090 GET /
1707134028653 GET /create
1707134048220 POST /create
1707134048243 GET /
1707134050782 GET /view/Rg43T1nQ2-dZ9zs2YO1-f61NP3Lt2-Ee90x1wd6
1707134052581 GET /update/Rg43T1nQ2-dZ9zs2YO1-f61NP3Lt2-Ee90x1wd6
1707134054842 POST /update/Rg43T1nQ2-dZ9zs2YO1-f61NP3Lt2-Ee90x1wd6
1707134054863 GET /view/Rg43T1nQ2-dZ9zs2YO1-f61NP3Lt2-Ee90x1wd6
1707134058052 GET /
1707134064384 GET /view/Rg43T1nQ2-dZ9zs2YO1-f61NP3Lt2-Ee90x1wd6
1707134065397 GET /update/Rg43T1nQ2-dZ9zs2YO1-f61NP3Lt2-Ee90x1wd6
1707134070575 POST /update/Rg43T1nQ2-dZ9zs2YO1-f61NP3Lt2-Ee90x1wd6
1707134070606 GET /view/Rg43T1nQ2-dZ9zs2YO1-f61NP3Lt2-Ee90x1wd6
1707134077972 GET /
